Hmm ... looks like a package

This is pdfTeX, Version 3.1415926-2.5-1.40.13 (TeX Live 2013/dev)
 restricted \write18 enabled.
entering extended mode
(./Rd2.tex
LaTeX2e <2011/06/27>
Babel <v3.8m> and hyphenation patterns for english, dumylang, nohyphenation, lo
aded.

(/usr/share/texlive/texmf-dist/tex/latex/base/book.cls
Document Class: book 2007/10/19 v1.4h Standard LaTeX document class
(/usr/share/texlive/texmf-dist/tex/latex/base/bk10.clo))
(/usr/share/R/texmf/tex/latex/Rd.sty
(/usr/share/texlive/texmf-dist/tex/latex/base/ifthen.sty)
(/usr/share/texlive/texmf-dist/tex/latex/tools/longtable.sty)
(/usr/share/texlive/texmf-dist/tex/latex/tools/bm.sty)
(/usr/share/texlive/texmf-dist/tex/latex/base/alltt.sty)
(/usr/share/texlive/texmf-dist/tex/latex/tools/verbatim.sty)
(/usr/share/texlive/texmf-dist/tex/latex/url/url.sty)
(/usr/share/texlive/texmf-dist/tex/latex/base/textcomp.sty
(/usr/share/texlive/texmf-dist/tex/latex/base/ts1enc.def))
(/usr/share/texlive/texmf-dist/tex/latex/base/fontenc.sty
(/usr/share/texlive/texmf-dist/tex/latex/base/t1enc.def))
(/usr/share/texlive/texmf-dist/tex/latex/psnfss/times.sty)
(/usr/share/texlive/texmf-dist/tex/latex/inconsolata/inconsolata.sty
(/usr/share/texlive/texmf-dist/tex/latex/graphics/keyval.sty))
(/usr/share/texlive/texmf-dist/tex/latex/graphics/color.sty
(/usr/share/texlive/texmf-dist/tex/latex/latexconfig/color.cfg)
(/usr/share/texlive/texmf-dist/tex/latex/pdftex-def/pdftex.def
(/usr/share/texlive/texmf-dist/tex/generic/oberdiek/infwarerr.sty)
(/usr/share/texlive/texmf-dist/tex/generic/oberdiek/ltxcmds.sty)))
(/usr/share/texlive/texmf-dist/tex/latex/hyperref/hyperref.sty
(/usr/share/texlive/texmf-dist/tex/generic/oberdiek/hobsub-hyperref.sty
(/usr/share/texlive/texmf-dist/tex/generic/oberdiek/hobsub-generic.sty))
(/usr/share/texlive/texmf-dist/tex/generic/ifxetex/ifxetex.sty)
(/usr/share/texlive/texmf-dist/tex/latex/oberdiek/auxhook.sty)
(/usr/share/texlive/texmf-dist/tex/latex/oberdiek/kvoptions.sty)
(/usr/share/texlive/texmf-dist/tex/latex/hyperref/pd1enc.def)
(/usr/share/texlive/texmf-dist/tex/latex/latexconfig/hyperref.cfg))

Package hyperref Message: Driver (autodetected): hpdftex.

(/usr/share/texlive/texmf-dist/tex/latex/hyperref/hpdftex.def
(/usr/share/texlive/texmf-dist/tex/latex/oberdiek/rerunfilecheck.sty))

Package hyperref Warning: Option `hyperindex' has already been used,
(hyperref)                setting the option has no effect on input line 361.


Package hyperref Warning: Option `pagebackref' has already been used,
(hyperref)                setting the option has no effect on input line 361.

) (/usr/share/texlive/texmf-dist/tex/latex/base/makeidx.sty)
(/usr/share/texlive/texmf-dist/tex/latex/base/inputenc.sty
(/usr/share/texlive/texmf-dist/tex/latex/base/utf8.def
(/usr/share/texlive/texmf-dist/tex/latex/base/t1enc.dfu)
(/usr/share/texlive/texmf-dist/tex/latex/base/ot1enc.dfu)
(/usr/share/texlive/texmf-dist/tex/latex/base/omsenc.dfu)
(/usr/share/texlive/texmf-dist/tex/latex/base/ts1enc.dfu))
(/usr/share/texlive/texmf-dist/tex/latex/base/latin1.def))
Writing index file Rd2.idx
No file Rd2.aux.
(/usr/share/texlive/texmf-dist/tex/latex/base/ts1cmr.fd)
(/usr/share/texlive/texmf-dist/tex/latex/psnfss/t1ptm.fd)
(/usr/share/texlive/texmf-dist/tex/context/base/supp-pdf.mkii
[Loading MPS to PDF converter (version 2006.09.02).]
) (/usr/share/texlive/texmf-dist/tex/latex/hyperref/nameref.sty
(/usr/share/texlive/texmf-dist/tex/generic/oberdiek/gettitlestring.sty))
(/usr/share/texlive/texmf-dist/tex/latex/inconsolata/t1fi4.fd)
(/usr/share/texlive/texmf-dist/tex/latex/psnfss/t1phv.fd)
(/usr/share/texlive/texmf-dist/tex/latex/base/utf8.def)
Overfull \hbox (49.78088pt too wide) in paragraph at lines 44--44
 []  \T1/fi4/m/n/10 track.table.GTF(file, name = NA, attr = "split", features =
 "exon", quiet = FALSE, ...)[] 
[1{/usr/share/texlive/texmf/fonts/map/pdftex/updmap/pdftex.map}]
Overfull \hbox (37.23906pt too wide) in paragraph at lines 58--59
[]\T1/ptm/m/n/10 Single char-ac-ter value, the \T1/fi4/m/n/10 name \T1/ptm/m/n/
10 field for the [][]\T1/fi4/m/n/10 track.table[][][] \T1/ptm/m/n/10 ob-ject. F
or \T1/fi4/m/n/10 track.table.GTF\T1/ptm/m/n/10 ,

Overfull \hbox (1.15916pt too wide) in paragraph at lines 83--84
\T1/ptm/m/n/10 of Ge-nomic Vari-ants, down-load-able from [][]$\T1/fi4/m/n/10 h
ttp : / / dgv . tcag . ca / dgv / app / downloads$[][] \T1/ptm/m/n/10 us-ing "D
GV

Overfull \hbox (37.47925pt too wide) in paragraph at lines 91--92
[]\T1/ptm/m/n/10 Return a [][]\T1/fi4/m/n/10 track.table[][][]\T1/ptm/m/n/10 -i
nheriting ob-ject (of class [][]\T1/fi4/m/n/10 track.exons[][][]\T1/ptm/m/n/10 
, [][]\T1/fi4/m/n/10 track.CNV[][][]\T1/ptm/m/n/10 , [][]\T1/fi4/m/n/10 track.g
enes[][][] \T1/ptm/m/n/10 or [][]\T1/fi4/m/n/10 track.bands[][][]\T1/ptm/m/n/10
 ). 
[2]
Overfull \hbox (45.47095pt too wide) in paragraph at lines 111--112
[][][]\T1/fi4/m/n/10 track.table-class[][][]\T1/ptm/m/n/10 , [][]\T1/fi4/m/n/10
 track.exons-class[][][]\T1/ptm/m/n/10 , [][]\T1/fi4/m/n/10 track.CNV-class[][]
[]\T1/ptm/m/n/10 , [][]\T1/fi4/m/n/10 track.genes-class[][][] \T1/ptm/m/n/10 or
 [][]\T1/fi4/m/n/10 track.bands-class[][][] 
(/usr/share/texlive/texmf-dist/tex/latex/base/utf8.def)
(/usr/share/texlive/texmf-dist/tex/latex/psnfss/ts1ptm.fd)
Overfull \hbox (138.11084pt too wide) in paragraph at lines 155--168
[]

Overfull \hbox (34.96727pt too wide) in paragraph at lines 155--168
\T1/ptm/m/n/10 - \T1/ptm/b/n/10 pre-ci-sion \T1/ptm/m/n/10 : sin-gle in-te-ger 
value from 1 to 4, amount of dig-its to con-sider in band-ing (type='cytoband')
. 
[3] [4] (/usr/share/texlive/texmf-dist/tex/latex/base/utf8.def)
Overfull \hbox (14.78088pt too wide) in paragraph at lines 221--221
 []  \T1/fi4/m/n/10 draw.bg(start, end, ylab = "", ysub = as.character(NA), mar
 = c(0.2, 5, 0.2, 1),[] 
[5] (/usr/share/texlive/texmf-dist/tex/latex/base/utf8.def)
Overfull \hbox (19.78088pt too wide) in paragraph at lines 300--300
 []    \T1/fi4/m/n/10 bty = "o", groupBy = NA, groupPosition = NA, groupSize = 
NA, groupLwd = 1, ...)[] 
[6] (/usr/share/texlive/texmf-dist/tex/latex/base/utf8.def) [7]
(/usr/share/texlive/texmf-dist/tex/latex/base/utf8.def)
Overfull \hbox (29.78088pt too wide) in paragraph at lines 456--456
 []  \T1/fi4/m/n/10 draw.pileup(slice, start, end, ylim = NA, bty = "o", label 
= TRUE, labelCex = 0.75,[] 
[8] (/usr/share/texlive/texmf-dist/tex/latex/base/utf8.def)
Overfull \hbox (14.78088pt too wide) in paragraph at lines 525--525
 []    \T1/fi4/m/n/10 colorFun = function() NULL, cex.lab = 1, cex = 0.6, pch =
 "+", bty = "o", ...)[] 
[9] (/usr/share/texlive/texmf-dist/tex/latex/base/utf8.def) [10]
(/usr/share/texlive/texmf-dist/tex/latex/base/utf8.def)
Overfull \hbox (59.78088pt too wide) in paragraph at lines 639--639
 []  \T1/fi4/m/n/10 draw.steps(slice, start, end, startColumns = "start", endCo
lumns = "end", maxDepth = 100,[] 

Overfull \hbox (39.78088pt too wide) in paragraph at lines 640--640
 []    \T1/fi4/m/n/10 label = TRUE, labelStrand = FALSE, labelCex = 1, labelSrt
 = 0, labelAdj = "center",[] 

Overfull \hbox (54.78088pt too wide) in paragraph at lines 642--642
 []    \T1/fi4/m/n/10 colorFun = function() NULL, border = "#666666", cex.lab =
 1, spacing = 0.1, bty = "o",[] 
[11] (/usr/share/texlive/texmf-dist/tex/latex/base/utf8.def) [12] [13]
(/usr/share/texlive/texmf-dist/tex/latex/base/utf8.def)
Overfull \hbox (14.78088pt too wide) in paragraph at lines 835--835
 []  \T1/fi4/m/n/10 drawable.list(files = character(0), objects = NULL, hidden 
= FALSE, warn = TRUE)[] 
[14] (/usr/share/texlive/texmf-dist/tex/latex/base/utf8.def) [15]
(/usr/share/texlive/texmf-dist/tex/latex/base/utf8.def) [16]
(/usr/share/texlive/texmf-dist/tex/latex/base/utf8.def) [17]
(/usr/share/texlive/texmf-dist/tex/latex/base/utf8.def) [18]
(/usr/share/texlive/texmf-dist/tex/latex/base/utf8.def)
Overfull \hbox (29.78088pt too wide) in paragraph at lines 1122--1122
 []  \T1/fi4/m/n/10 read.gtf(file, attr = c("split", "intact", "skip"), feature
s = NULL, quiet = FALSE)[] 
[19] (/usr/share/texlive/texmf-dist/tex/latex/base/utf8.def)
Overfull \hbox (13.05818pt too wide) in paragraph at lines 1184--1185
[]\T1/ptm/m/n/10 The [][]\T1/fi4/m/n/10 refTable[][][] \T1/ptm/m/n/10 con-struc
-tor, sim-i-lar to the \T1/fi4/m/n/10 data.frame \T1/ptm/m/n/10 con-struc-tor. 
It im-ports a sin-gle \T1/fi4/m/n/10 data.frame
[20] [21]
Overfull \hbox (238.11084pt too wide) in paragraph at lines 1330--1330
[]

Underfull \hbox (badness 10000) in paragraph at lines 1330--1330

[22] [23] (/usr/share/texlive/texmf-dist/tex/latex/base/utf8.def) [24]
(/usr/share/texlive/texmf-dist/tex/latex/base/utf8.def)
Overfull \hbox (14.78088pt too wide) in paragraph at lines 1496--1496
 []  \T1/fi4/m/n/10 segMerge(segTable, on = names(segTable), fun = list(unique,
 start=min, end=max))[] 
[25] (/usr/share/texlive/texmf-dist/tex/latex/base/utf8.def)
Overfull \hbox (84.78088pt too wide) in paragraph at lines 1534--1534
 []  \T1/fi4/m/n/10 segOverlap(segTable, fun = list(unique.default, start=min, 
end=max), factorsAsIntegers = TRUE)[] 
(/usr/share/texlive/texmf-dist/tex/latex/base/utf8.def) [26]
Overfull \hbox (49.78088pt too wide) in paragraph at lines 1574--1574
 []    \T1/fi4/m/n/10 cap.border = "black", cap.font.col = "black", cap.bg.col 
= NA, cap.adj = c(0.5, 0.5),[] 

Overfull \hbox (20.53839pt too wide) in paragraph at lines 1582--1583
[]\T1/ptm/m/n/10 A [][]\T1/fi4/m/n/10 drawable.list[][][] \T1/ptm/m/n/10 ob-jec
t con-tain-ing the tracks to plot, as re-turned by [][]\T1/fi4/m/n/10 drawable.
list[][][]
[27] (/usr/share/texlive/texmf-dist/tex/latex/base/utf8.def) [28]
(/usr/share/texlive/texmf-dist/tex/latex/base/utf8.def) [29] [30]
Overfull \hbox (18.92885pt too wide) in paragraph at lines 1800--1801
[]\T1/ptm/m/n/10 These three func-tions are pro-posed for generic us-age on \T1
/fi4/m/n/10 data.frame\T1/ptm/m/n/10 , \T1/fi4/m/n/10 list \T1/ptm/m/n/10 or ve
c-tors. The [][]\T1/fi4/m/n/10 track.table[][][]
(/usr/share/texlive/texmf-dist/tex/latex/inconsolata/ts1fi4.fd) [31]
(/usr/share/texlive/texmf-dist/tex/latex/base/utf8.def)
Overfull \hbox (20.53839pt too wide) in paragraph at lines 1884--1885
[]\T1/ptm/m/n/10 A [][]\T1/fi4/m/n/10 drawable.list[][][] \T1/ptm/m/n/10 ob-jec
t con-tain-ing the tracks to plot, as re-turned by [][]\T1/fi4/m/n/10 drawable.
list[][][]
[32]
Overfull \hbox (7.89789pt too wide) in paragraph at lines 1928--1929
[]\T1/fi4/m/n/10 browsePlot \T1/ptm/m/n/10 in-vis-i-bly re-turns the \T1/fi4/m/
n/10 par \T1/ptm/m/n/10 func-tion out-put for the last track plot, as it is use
d by \T1/fi4/m/n/10 tk.browse\T1/ptm/m/n/10 . 
[33] (/usr/share/texlive/texmf-dist/tex/latex/base/utf8.def)
(/usr/share/texlive/texmf-dist/tex/latex/base/utf8.def) [34]
(/usr/share/texlive/texmf-dist/tex/latex/base/utf8.def)
Overfull \hbox (64.78088pt too wide) in paragraph at lines 2059--2059
 []  \T1/fi4/m/n/10 tk.file(title = "Choose a file", typeNames = "All files", t
ypeExt = "*", multiple = FALSE,[] 

Overfull \hbox (9.78088pt too wide) in paragraph at lines 2060--2060
 []    \T1/fi4/m/n/10 mandatory = TRUE, type = c("open", "save"), initialdir = 
NULL, parent = NULL)[] 
[35pdfTeX warning (ext4): destination with the same identifier (name{Rfn.tk.fil
e}) has been already used, duplicate ignored

\AtBegShi@Output ...ipout \box \AtBeginShipoutBox 
                                                  \fi \fi 
l.2102 \item[\code{expr}]
                         ]
(/usr/share/texlive/texmf-dist/tex/latex/base/utf8.def)
Overfull \hbox (2.21881pt too wide) in paragraph at lines 2159--2160
[]\T1/ptm/m/n/10 Arguments to be passed to the in-her-ited con-struc-tor ([][]\
T1/fi4/m/n/10 refTable[][][] \T1/ptm/m/n/10 for [][]\T1/fi4/m/n/10 track.table[
][][]\T1/ptm/m/n/10 ,

Overfull \hbox (59.64888pt too wide) in paragraph at lines 2159--2160
[][]\T1/fi4/m/n/10 track.table[][][] \T1/ptm/m/n/10 for the oth-ers). \T1/fi4/m
/n/10 track.table \T1/ptm/m/n/10 has few more re-stric-tions, see [][]\T1/fi4/m
/n/10 track.table-class[][][]
[36]
Overfull \hbox (63.78088pt too wide) in paragraph at lines 2215--2215
 []  \T1/fi4/m/n/9 df <- data.frame(chrom=1, strand="+", start=1:5, end=2:6, na
me=letters[1:5], stringsAsFactors=FALSE)[] 
(/usr/share/texlive/texmf-dist/tex/latex/base/utf8.def) [37]
Overfull \hbox (3.1107pt too wide) in paragraph at lines 2271--2281
[]\T1/ptm/m/n/10 Apply
[38]
Overfull \hbox (0.8985pt too wide) in paragraph at lines 2293--2297
[]\T1/ptm/m/n/10 Counts each nu-cleotide type for each ge-nomic po-si-tion, sim
-
[39] (/usr/share/texlive/texmf-dist/tex/latex/base/utf8.def) [40] [41]
(/usr/share/texlive/texmf-dist/tex/latex/base/utf8.def) [42] [43]
(/usr/share/texlive/texmf-dist/tex/latex/base/utf8.def) [44] [45] [46]
(/usr/share/texlive/texmf-dist/tex/latex/base/utf8.def) [47] [48]
(/usr/share/texlive/texmf-dist/tex/latex/base/utf8.def) [49]
(/usr/share/texlive/texmf-dist/tex/latex/base/utf8.def) [50] [51]
(/usr/share/texlive/texmf-dist/tex/latex/base/utf8.def) [52]
Overfull \hbox (0.42697pt too wide) in paragraph at lines 3053--3054
[]\T1/ptm/m/n/10 A \T1/fi4/m/n/10 call \T1/ptm/m/n/10 to the C ex-ter-nal "chec
k-track", for faster ob-ject check (see the \T1/fi4/m/n/10 check \T1/ptm/m/n/10
 method). 
[53]
Overfull \hbox (10.82991pt too wide) in paragraph at lines 3090--3094
[]\T1/ptm/m/n/10 Adds a col-umn to be used as 'group-

Overfull \hbox (13.37958pt too wide) in paragraph at lines 3096--3099
[]\T1/ptm/m/n/10 Adds a col-umn to be used as 'group-Size' by draw.boxes() 
[54] [55] (/usr/share/texlive/texmf-dist/tex/latex/base/utf8.def)
Overfull \hbox (59.78088pt too wide) in paragraph at lines 3210--3210
 []  \T1/fi4/m/n/10 yline(boxes, start, end, label, labelStrand, labelCex, labe
lSrt, labelAdj, labelOverflow,[] 
[56]
No file Rd2.ind.
[57] (./Rd2.aux)

Package rerunfilecheck Warning: File `Rd2.out' has changed.
(rerunfilecheck)                Rerun to get outlines right
(rerunfilecheck)                or use package `bookmark'.

 )
(see the transcript file for additional information)pdfTeX warning (dest): name
{Rfn.stop} has been referenced but does not exist, replaced by a fixed one

pdfTeX warning (dest): name{Rfn.warning} has been referenced but does not exist
, replaced by a fixed one

pdfTeX warning (dest): name{Rfn.message} has been referenced but does not exist
, replaced by a fixed one

pdfTeX warning (dest): name{Rfn.conditions} has been referenced but does not ex
ist, replaced by a fixed one

pdfTeX warning (dest): name{Rfn.tktoplevel} has been referenced but does not ex
ist, replaced by a fixed one

pdfTeX warning (dest): name{Rfn.setRefClass} has been referenced but does not e
xist, replaced by a fixed one

pdfTeX warning (dest): name{Rfn.layout} has been referenced but does not exist,
 replaced by a fixed one

pdfTeX warning (dest): name{Rfn.save} has been referenced but does not exist, r
eplaced by a fixed one

pdfTeX warning (dest): name{Rfn.saveRDS} has been referenced but does not exist
, replaced by a fixed one

pdfTeX warning (dest): name{Rfn.envRefClass.Rdash.class} has been referenced bu
t does not exist, replaced by a fixed one

{/usr/share/texlive/texmf-dist/fonts/enc/dvips/base/8r.enc}{/usr/share/texlive/
texmf-dist/fonts/enc/dvips/inconsolata/fi4-ec.enc}</usr/share/texlive/texmf-dis
t/fonts/type1/public/inconsolata/Inconsolata.pfb></usr/share/texlive/texmf-dist
/fonts/type1/urw/helvetic/uhvr8a.pfb></usr/share/texlive/texmf-dist/fonts/type1
/urw/times/utmb8a.pfb></usr/share/texlive/texmf-dist/fonts/type1/urw/times/utmr
8a.pfb></usr/share/texlive/texmf-dist/fonts/type1/urw/times/utmr8a.pfb></usr/sh
are/texlive/texmf-dist/fonts/type1/urw/times/utmri8a.pfb>
Output written on Rd2.pdf (57 pages, 212804 bytes).
Transcript written on Rd2.log.
This is makeindex, version 2.15 [TeX Live 2013/dev] (kpathsea + Thai support).
Scanning input file Rd2.idx....done (829 entries accepted, 33 rejected).
Sorting entries..........done (10369 comparisons).
Generating output file Rd2.ind....done (260 lines written, 8 warnings).
Output written in Rd2.ind.
Transcript written in Rd2.ilg.
This is pdfTeX, Version 3.1415926-2.5-1.40.13 (TeX Live 2013/dev)
 restricted \write18 enabled.
entering extended mode
(./Rd2.tex
LaTeX2e <2011/06/27>
Babel <v3.8m> and hyphenation patterns for english, dumylang, nohyphenation, lo
aded.

(/usr/share/texlive/texmf-dist/tex/latex/base/book.cls
Document Class: book 2007/10/19 v1.4h Standard LaTeX document class
(/usr/share/texlive/texmf-dist/tex/latex/base/bk10.clo))
(/usr/share/R/texmf/tex/latex/Rd.sty
(/usr/share/texlive/texmf-dist/tex/latex/base/ifthen.sty)
(/usr/share/texlive/texmf-dist/tex/latex/tools/longtable.sty)
(/usr/share/texlive/texmf-dist/tex/latex/tools/bm.sty)
(/usr/share/texlive/texmf-dist/tex/latex/base/alltt.sty)
(/usr/share/texlive/texmf-dist/tex/latex/tools/verbatim.sty)
(/usr/share/texlive/texmf-dist/tex/latex/url/url.sty)
(/usr/share/texlive/texmf-dist/tex/latex/base/textcomp.sty
(/usr/share/texlive/texmf-dist/tex/latex/base/ts1enc.def))
(/usr/share/texlive/texmf-dist/tex/latex/base/fontenc.sty
(/usr/share/texlive/texmf-dist/tex/latex/base/t1enc.def))
(/usr/share/texlive/texmf-dist/tex/latex/psnfss/times.sty)
(/usr/share/texlive/texmf-dist/tex/latex/inconsolata/inconsolata.sty
(/usr/share/texlive/texmf-dist/tex/latex/graphics/keyval.sty))
(/usr/share/texlive/texmf-dist/tex/latex/graphics/color.sty
(/usr/share/texlive/texmf-dist/tex/latex/latexconfig/color.cfg)
(/usr/share/texlive/texmf-dist/tex/latex/pdftex-def/pdftex.def
(/usr/share/texlive/texmf-dist/tex/generic/oberdiek/infwarerr.sty)
(/usr/share/texlive/texmf-dist/tex/generic/oberdiek/ltxcmds.sty)))
(/usr/share/texlive/texmf-dist/tex/latex/hyperref/hyperref.sty
(/usr/share/texlive/texmf-dist/tex/generic/oberdiek/hobsub-hyperref.sty
(/usr/share/texlive/texmf-dist/tex/generic/oberdiek/hobsub-generic.sty))
(/usr/share/texlive/texmf-dist/tex/generic/ifxetex/ifxetex.sty)
(/usr/share/texlive/texmf-dist/tex/latex/oberdiek/auxhook.sty)
(/usr/share/texlive/texmf-dist/tex/latex/oberdiek/kvoptions.sty)
(/usr/share/texlive/texmf-dist/tex/latex/hyperref/pd1enc.def)
(/usr/share/texlive/texmf-dist/tex/latex/latexconfig/hyperref.cfg))

Package hyperref Message: Driver (autodetected): hpdftex.

(/usr/share/texlive/texmf-dist/tex/latex/hyperref/hpdftex.def
(/usr/share/texlive/texmf-dist/tex/latex/oberdiek/rerunfilecheck.sty))

Package hyperref Warning: Option `hyperindex' has already been used,
(hyperref)                setting the option has no effect on input line 361.


Package hyperref Warning: Option `pagebackref' has already been used,
(hyperref)                setting the option has no effect on input line 361.

) (/usr/share/texlive/texmf-dist/tex/latex/base/makeidx.sty)
(/usr/share/texlive/texmf-dist/tex/latex/base/inputenc.sty
(/usr/share/texlive/texmf-dist/tex/latex/base/utf8.def
(/usr/share/texlive/texmf-dist/tex/latex/base/t1enc.dfu)
(/usr/share/texlive/texmf-dist/tex/latex/base/ot1enc.dfu)
(/usr/share/texlive/texmf-dist/tex/latex/base/omsenc.dfu)
(/usr/share/texlive/texmf-dist/tex/latex/base/ts1enc.dfu))
(/usr/share/texlive/texmf-dist/tex/latex/base/latin1.def))
Writing index file Rd2.idx
(./Rd2.aux) (/usr/share/texlive/texmf-dist/tex/latex/base/ts1cmr.fd)
(/usr/share/texlive/texmf-dist/tex/latex/psnfss/t1ptm.fd)
(/usr/share/texlive/texmf-dist/tex/context/base/supp-pdf.mkii
[Loading MPS to PDF converter (version 2006.09.02).]
) (/usr/share/texlive/texmf-dist/tex/latex/hyperref/nameref.sty
(/usr/share/texlive/texmf-dist/tex/generic/oberdiek/gettitlestring.sty))
(./Rd2.out) (./Rd2.out)
(/usr/share/texlive/texmf-dist/tex/latex/inconsolata/t1fi4.fd)
(/usr/share/texlive/texmf-dist/tex/latex/psnfss/t1phv.fd) (./Rd2.toc [1{/usr/sh
are/texlive/texmf/fonts/map/pdftex/updmap/pdftex.map}])
(/usr/share/texlive/texmf-dist/tex/latex/base/utf8.def)
Overfull \hbox (49.78088pt too wide) in paragraph at lines 44--44
 []  \T1/fi4/m/n/10 track.table.GTF(file, name = NA, attr = "split", features =
 "exon", quiet = FALSE, ...)[] 

Overfull \hbox (37.23906pt too wide) in paragraph at lines 58--59
[]\T1/ptm/m/n/10 Single char-ac-ter value, the \T1/fi4/m/n/10 name \T1/ptm/m/n/
10 field for the [][]\T1/fi4/m/n/10 track.table[][][] \T1/ptm/m/n/10 ob-ject. F
or \T1/fi4/m/n/10 track.table.GTF\T1/ptm/m/n/10 ,
[2]
Overfull \hbox (1.15916pt too wide) in paragraph at lines 83--84
\T1/ptm/m/n/10 of Ge-nomic Vari-ants, down-load-able from [][]$\T1/fi4/m/n/10 h
ttp : / / dgv . tcag . ca / dgv / app / downloads$[][] \T1/ptm/m/n/10 us-ing "D
GV

Overfull \hbox (37.47925pt too wide) in paragraph at lines 91--92
[]\T1/ptm/m/n/10 Return a [][]\T1/fi4/m/n/10 track.table[][][]\T1/ptm/m/n/10 -i
nheriting ob-ject (of class [][]\T1/fi4/m/n/10 track.exons[][][]\T1/ptm/m/n/10 
, [][]\T1/fi4/m/n/10 track.CNV[][][]\T1/ptm/m/n/10 , [][]\T1/fi4/m/n/10 track.g
enes[][][] \T1/ptm/m/n/10 or [][]\T1/fi4/m/n/10 track.bands[][][]\T1/ptm/m/n/10
 ). 

Overfull \hbox (45.47095pt too wide) in paragraph at lines 111--112
[][][]\T1/fi4/m/n/10 track.table-class[][][]\T1/ptm/m/n/10 , [][]\T1/fi4/m/n/10
 track.exons-class[][][]\T1/ptm/m/n/10 , [][]\T1/fi4/m/n/10 track.CNV-class[][]
[]\T1/ptm/m/n/10 , [][]\T1/fi4/m/n/10 track.genes-class[][][] \T1/ptm/m/n/10 or
 [][]\T1/fi4/m/n/10 track.bands-class[][][] 
(/usr/share/texlive/texmf-dist/tex/latex/base/utf8.def) [3]
(/usr/share/texlive/texmf-dist/tex/latex/psnfss/ts1ptm.fd)
Overfull \hbox (138.11084pt too wide) in paragraph at lines 155--168
[]

Overfull \hbox (34.96727pt too wide) in paragraph at lines 155--168
\T1/ptm/m/n/10 - \T1/ptm/b/n/10 pre-ci-sion \T1/ptm/m/n/10 : sin-gle in-te-ger 
value from 1 to 4, amount of dig-its to con-sider in band-ing (type='cytoband')
. 
[4] (/usr/share/texlive/texmf-dist/tex/latex/base/utf8.def)
Overfull \hbox (14.78088pt too wide) in paragraph at lines 221--221
 []  \T1/fi4/m/n/10 draw.bg(start, end, ylab = "", ysub = as.character(NA), mar
 = c(0.2, 5, 0.2, 1),[] 
[5] (/usr/share/texlive/texmf-dist/tex/latex/base/utf8.def) [6]
Overfull \hbox (19.78088pt too wide) in paragraph at lines 300--300
 []    \T1/fi4/m/n/10 bty = "o", groupBy = NA, groupPosition = NA, groupSize = 
NA, groupLwd = 1, ...)[] 
[7] (/usr/share/texlive/texmf-dist/tex/latex/base/utf8.def) [8]
(/usr/share/texlive/texmf-dist/tex/latex/base/utf8.def)
Overfull \hbox (29.78088pt too wide) in paragraph at lines 456--456
 []  \T1/fi4/m/n/10 draw.pileup(slice, start, end, ylim = NA, bty = "o", label 
= TRUE, labelCex = 0.75,[] 
[9] (/usr/share/texlive/texmf-dist/tex/latex/base/utf8.def)
Overfull \hbox (14.78088pt too wide) in paragraph at lines 525--525
 []    \T1/fi4/m/n/10 colorFun = function() NULL, cex.lab = 1, cex = 0.6, pch =
 "+", bty = "o", ...)[] 
[10] (/usr/share/texlive/texmf-dist/tex/latex/base/utf8.def) [11]
(/usr/share/texlive/texmf-dist/tex/latex/base/utf8.def)
Overfull \hbox (59.78088pt too wide) in paragraph at lines 639--639
 []  \T1/fi4/m/n/10 draw.steps(slice, start, end, startColumns = "start", endCo
lumns = "end", maxDepth = 100,[] 

Overfull \hbox (39.78088pt too wide) in paragraph at lines 640--640
 []    \T1/fi4/m/n/10 label = TRUE, labelStrand = FALSE, labelCex = 1, labelSrt
 = 0, labelAdj = "center",[] 

Overfull \hbox (54.78088pt too wide) in paragraph at lines 642--642
 []    \T1/fi4/m/n/10 colorFun = function() NULL, border = "#666666", cex.lab =
 1, spacing = 0.1, bty = "o",[] 
[12] (/usr/share/texlive/texmf-dist/tex/latex/base/utf8.def) [13] [14]
(/usr/share/texlive/texmf-dist/tex/latex/base/utf8.def)
Overfull \hbox (14.78088pt too wide) in paragraph at lines 835--835
 []  \T1/fi4/m/n/10 drawable.list(files = character(0), objects = NULL, hidden 
= FALSE, warn = TRUE)[] 
(/usr/share/texlive/texmf-dist/tex/latex/base/utf8.def) [15] [16]
(/usr/share/texlive/texmf-dist/tex/latex/base/utf8.def) [17]
(/usr/share/texlive/texmf-dist/tex/latex/base/utf8.def) [18]
(/usr/share/texlive/texmf-dist/tex/latex/base/utf8.def)
(/usr/share/texlive/texmf-dist/tex/latex/base/utf8.def) [19]
Overfull \hbox (29.78088pt too wide) in paragraph at lines 1122--1122
 []  \T1/fi4/m/n/10 read.gtf(file, attr = c("split", "intact", "skip"), feature
s = NULL, quiet = FALSE)[] 
[20] (/usr/share/texlive/texmf-dist/tex/latex/base/utf8.def)
Overfull \hbox (13.05818pt too wide) in paragraph at lines 1184--1185
[]\T1/ptm/m/n/10 The [][]\T1/fi4/m/n/10 refTable[][][] \T1/ptm/m/n/10 con-struc
-tor, sim-i-lar to the \T1/fi4/m/n/10 data.frame \T1/ptm/m/n/10 con-struc-tor. 
It im-ports a sin-gle \T1/fi4/m/n/10 data.frame
[21] [22]
Overfull \hbox (238.11084pt too wide) in paragraph at lines 1330--1330
[]

Underfull \hbox (badness 10000) in paragraph at lines 1330--1330

[23] (/usr/share/texlive/texmf-dist/tex/latex/base/utf8.def) [24]
(/usr/share/texlive/texmf-dist/tex/latex/base/utf8.def) [25]
Overfull \hbox (14.78088pt too wide) in paragraph at lines 1496--1496
 []  \T1/fi4/m/n/10 segMerge(segTable, on = names(segTable), fun = list(unique,
 start=min, end=max))[] 
(/usr/share/texlive/texmf-dist/tex/latex/base/utf8.def)
Overfull \hbox (84.78088pt too wide) in paragraph at lines 1534--1534
 []  \T1/fi4/m/n/10 segOverlap(segTable, fun = list(unique.default, start=min, 
end=max), factorsAsIntegers = TRUE)[] 
[26] (/usr/share/texlive/texmf-dist/tex/latex/base/utf8.def)
Overfull \hbox (49.78088pt too wide) in paragraph at lines 1574--1574
 []    \T1/fi4/m/n/10 cap.border = "black", cap.font.col = "black", cap.bg.col 
= NA, cap.adj = c(0.5, 0.5),[] 

Overfull \hbox (20.53839pt too wide) in paragraph at lines 1582--1583
[]\T1/ptm/m/n/10 A [][]\T1/fi4/m/n/10 drawable.list[][][] \T1/ptm/m/n/10 ob-jec
t con-tain-ing the tracks to plot, as re-turned by [][]\T1/fi4/m/n/10 drawable.
list[][][]
[27] (/usr/share/texlive/texmf-dist/tex/latex/base/utf8.def) [28]
(/usr/share/texlive/texmf-dist/tex/latex/base/utf8.def) [29] [30]
Overfull \hbox (18.92885pt too wide) in paragraph at lines 1800--1801
[]\T1/ptm/m/n/10 These three func-tions are pro-posed for generic us-age on \T1
/fi4/m/n/10 data.frame\T1/ptm/m/n/10 , \T1/fi4/m/n/10 list \T1/ptm/m/n/10 or ve
c-tors. The [][]\T1/fi4/m/n/10 track.table[][][]
(/usr/share/texlive/texmf-dist/tex/latex/inconsolata/ts1fi4.fd) [31]
(/usr/share/texlive/texmf-dist/tex/latex/base/utf8.def)
Overfull \hbox (20.53839pt too wide) in paragraph at lines 1884--1885
[]\T1/ptm/m/n/10 A [][]\T1/fi4/m/n/10 drawable.list[][][] \T1/ptm/m/n/10 ob-jec
t con-tain-ing the tracks to plot, as re-turned by [][]\T1/fi4/m/n/10 drawable.
list[][][]
[32]
Overfull \hbox (7.89789pt too wide) in paragraph at lines 1928--1929
[]\T1/fi4/m/n/10 browsePlot \T1/ptm/m/n/10 in-vis-i-bly re-turns the \T1/fi4/m/
n/10 par \T1/ptm/m/n/10 func-tion out-put for the last track plot, as it is use
d by \T1/fi4/m/n/10 tk.browse\T1/ptm/m/n/10 . 
[33] (/usr/share/texlive/texmf-dist/tex/latex/base/utf8.def)
(/usr/share/texlive/texmf-dist/tex/latex/base/utf8.def) [34]
(/usr/share/texlive/texmf-dist/tex/latex/base/utf8.def)
Overfull \hbox (64.78088pt too wide) in paragraph at lines 2059--2059
 []  \T1/fi4/m/n/10 tk.file(title = "Choose a file", typeNames = "All files", t
ypeExt = "*", multiple = FALSE,[] 

Overfull \hbox (9.78088pt too wide) in paragraph at lines 2060--2060
 []    \T1/fi4/m/n/10 mandatory = TRUE, type = c("open", "save"), initialdir = 
NULL, parent = NULL)[] 
[35pdfTeX warning (ext4): destination with the same identifier (name{Rfn.tk.fil
e}) has been already used, duplicate ignored

\AtBegShi@Output ...ipout \box \AtBeginShipoutBox 
                                                  \fi \fi 
l.2072 \item[\code{typeNames}]
                              ]
(/usr/share/texlive/texmf-dist/tex/latex/base/utf8.def) [36]
Overfull \hbox (2.21881pt too wide) in paragraph at lines 2159--2160
[]\T1/ptm/m/n/10 Arguments to be passed to the in-her-ited con-struc-tor ([][]\
T1/fi4/m/n/10 refTable[][][] \T1/ptm/m/n/10 for [][]\T1/fi4/m/n/10 track.table[
][][]\T1/ptm/m/n/10 ,

Overfull \hbox (59.64888pt too wide) in paragraph at lines 2159--2160
[][]\T1/fi4/m/n/10 track.table[][][] \T1/ptm/m/n/10 for the oth-ers). \T1/fi4/m
/n/10 track.table \T1/ptm/m/n/10 has few more re-stric-tions, see [][]\T1/fi4/m
/n/10 track.table-class[][][]
[37]
Overfull \hbox (63.78088pt too wide) in paragraph at lines 2215--2215
 []  \T1/fi4/m/n/9 df <- data.frame(chrom=1, strand="+", start=1:5, end=2:6, na
me=letters[1:5], stringsAsFactors=FALSE)[] 
(/usr/share/texlive/texmf-dist/tex/latex/base/utf8.def) [38]
Overfull \hbox (3.1107pt too wide) in paragraph at lines 2271--2281
[]\T1/ptm/m/n/10 Apply

Overfull \hbox (0.8985pt too wide) in paragraph at lines 2293--2297
[]\T1/ptm/m/n/10 Counts each nu-cleotide type for each ge-nomic po-si-tion, sim
-
[39] (/usr/share/texlive/texmf-dist/tex/latex/base/utf8.def) [40] [41] [42]
(/usr/share/texlive/texmf-dist/tex/latex/base/utf8.def) [43] [44]
(/usr/share/texlive/texmf-dist/tex/latex/base/utf8.def) [45] [46]
(/usr/share/texlive/texmf-dist/tex/latex/base/utf8.def) [47] [48]
(/usr/share/texlive/texmf-dist/tex/latex/base/utf8.def) [49]
(/usr/share/texlive/texmf-dist/tex/latex/base/utf8.def) [50] [51] [52]
(/usr/share/texlive/texmf-dist/tex/latex/base/utf8.def) [53]
Overfull \hbox (0.42697pt too wide) in paragraph at lines 3053--3054
[]\T1/ptm/m/n/10 A \T1/fi4/m/n/10 call \T1/ptm/m/n/10 to the C ex-ter-nal "chec
k-track", for faster ob-ject check (see the \T1/fi4/m/n/10 check \T1/ptm/m/n/10
 method). 
[54]
Overfull \hbox (10.82991pt too wide) in paragraph at lines 3090--3094
[]\T1/ptm/m/n/10 Adds a col-umn to be used as 'group-

Overfull \hbox (13.37958pt too wide) in paragraph at lines 3096--3099
[]\T1/ptm/m/n/10 Adds a col-umn to be used as 'group-Size' by draw.boxes() 
[55] [56] (/usr/share/texlive/texmf-dist/tex/latex/base/utf8.def)
Overfull \hbox (59.78088pt too wide) in paragraph at lines 3210--3210
 []  \T1/fi4/m/n/10 yline(boxes, start, end, label, labelStrand, labelCex, labe
lSrt, labelAdj, labelOverflow,[] 
[57] (./Rd2.ind [58]

LaTeX Font Warning: Font shape `T1/fi4/m/it' undefined
(Font)              using `T1/fi4/m/n' instead on input line 33.

[59] [60]) (./Rd2.aux)

Package rerunfilecheck Warning: File `Rd2.out' has changed.
(rerunfilecheck)                Rerun to get outlines right
(rerunfilecheck)                or use package `bookmark'.


LaTeX Font Warning: Some font shapes were not available, defaults substituted.

 )
(see the transcript file for additional information)pdfTeX warning (dest): name
{Rfn.stop} has been referenced but does not exist, replaced by a fixed one

pdfTeX warning (dest): name{Rfn.warning} has been referenced but does not exist
, replaced by a fixed one

pdfTeX warning (dest): name{Rfn.message} has been referenced but does not exist
, replaced by a fixed one

pdfTeX warning (dest): name{Rfn.conditions} has been referenced but does not ex
ist, replaced by a fixed one

pdfTeX warning (dest): name{Rfn.tktoplevel} has been referenced but does not ex
ist, replaced by a fixed one

pdfTeX warning (dest): name{Rfn.setRefClass} has been referenced but does not e
xist, replaced by a fixed one

pdfTeX warning (dest): name{Rfn.layout} has been referenced but does not exist,
 replaced by a fixed one

pdfTeX warning (dest): name{Rfn.save} has been referenced but does not exist, r
eplaced by a fixed one

pdfTeX warning (dest): name{Rfn.saveRDS} has been referenced but does not exist
, replaced by a fixed one

pdfTeX warning (dest): name{Rfn.envRefClass.Rdash.class} has been referenced bu
t does not exist, replaced by a fixed one

{/usr/share/texlive/texmf-dist/fonts/enc/dvips/base/8r.enc}{/usr/share/texlive/
texmf-dist/fonts/enc/dvips/inconsolata/fi4-ec.enc}</usr/share/texlive/texmf-dis
t/fonts/type1/public/inconsolata/Inconsolata.pfb></usr/share/texlive/texmf-dist
/fonts/type1/public/amsfonts/cm/cmsy10.pfb></usr/share/texlive/texmf-dist/fonts
/type1/urw/helvetic/uhvr8a.pfb></usr/share/texlive/texmf-dist/fonts/type1/urw/t
imes/utmb8a.pfb></usr/share/texlive/texmf-dist/fonts/type1/urw/times/utmr8a.pfb
></usr/share/texlive/texmf-dist/fonts/type1/urw/times/utmr8a.pfb></usr/share/te
xlive/texmf-dist/fonts/type1/urw/times/utmri8a.pfb>
Output written on Rd2.pdf (60 pages, 235666 bytes).
Transcript written on Rd2.log.
This is makeindex, version 2.15 [TeX Live 2013/dev] (kpathsea + Thai support).
Scanning input file Rd2.idx....done (829 entries accepted, 33 rejected).
Sorting entries..........done (9809 comparisons).
Generating output file Rd2.ind....done (264 lines written, 7 warnings).
Output written in Rd2.ind.
Transcript written in Rd2.ilg.
This is pdfTeX, Version 3.1415926-2.5-1.40.13 (TeX Live 2013/dev)
 restricted \write18 enabled.
entering extended mode
(./Rd2.tex
LaTeX2e <2011/06/27>
Babel <v3.8m> and hyphenation patterns for english, dumylang, nohyphenation, lo
aded.

(/usr/share/texlive/texmf-dist/tex/latex/base/book.cls
Document Class: book 2007/10/19 v1.4h Standard LaTeX document class
(/usr/share/texlive/texmf-dist/tex/latex/base/bk10.clo))
(/usr/share/R/texmf/tex/latex/Rd.sty
(/usr/share/texlive/texmf-dist/tex/latex/base/ifthen.sty)
(/usr/share/texlive/texmf-dist/tex/latex/tools/longtable.sty)
(/usr/share/texlive/texmf-dist/tex/latex/tools/bm.sty)
(/usr/share/texlive/texmf-dist/tex/latex/base/alltt.sty)
(/usr/share/texlive/texmf-dist/tex/latex/tools/verbatim.sty)
(/usr/share/texlive/texmf-dist/tex/latex/url/url.sty)
(/usr/share/texlive/texmf-dist/tex/latex/base/textcomp.sty
(/usr/share/texlive/texmf-dist/tex/latex/base/ts1enc.def))
(/usr/share/texlive/texmf-dist/tex/latex/base/fontenc.sty
(/usr/share/texlive/texmf-dist/tex/latex/base/t1enc.def))
(/usr/share/texlive/texmf-dist/tex/latex/psnfss/times.sty)
(/usr/share/texlive/texmf-dist/tex/latex/inconsolata/inconsolata.sty
(/usr/share/texlive/texmf-dist/tex/latex/graphics/keyval.sty))
(/usr/share/texlive/texmf-dist/tex/latex/graphics/color.sty
(/usr/share/texlive/texmf-dist/tex/latex/latexconfig/color.cfg)
(/usr/share/texlive/texmf-dist/tex/latex/pdftex-def/pdftex.def
(/usr/share/texlive/texmf-dist/tex/generic/oberdiek/infwarerr.sty)
(/usr/share/texlive/texmf-dist/tex/generic/oberdiek/ltxcmds.sty)))
(/usr/share/texlive/texmf-dist/tex/latex/hyperref/hyperref.sty
(/usr/share/texlive/texmf-dist/tex/generic/oberdiek/hobsub-hyperref.sty
(/usr/share/texlive/texmf-dist/tex/generic/oberdiek/hobsub-generic.sty))
(/usr/share/texlive/texmf-dist/tex/generic/ifxetex/ifxetex.sty)
(/usr/share/texlive/texmf-dist/tex/latex/oberdiek/auxhook.sty)
(/usr/share/texlive/texmf-dist/tex/latex/oberdiek/kvoptions.sty)
(/usr/share/texlive/texmf-dist/tex/latex/hyperref/pd1enc.def)
(/usr/share/texlive/texmf-dist/tex/latex/latexconfig/hyperref.cfg))

Package hyperref Message: Driver (autodetected): hpdftex.

(/usr/share/texlive/texmf-dist/tex/latex/hyperref/hpdftex.def
(/usr/share/texlive/texmf-dist/tex/latex/oberdiek/rerunfilecheck.sty))

Package hyperref Warning: Option `hyperindex' has already been used,
(hyperref)                setting the option has no effect on input line 361.


Package hyperref Warning: Option `pagebackref' has already been used,
(hyperref)                setting the option has no effect on input line 361.

) (/usr/share/texlive/texmf-dist/tex/latex/base/makeidx.sty)
(/usr/share/texlive/texmf-dist/tex/latex/base/inputenc.sty
(/usr/share/texlive/texmf-dist/tex/latex/base/utf8.def
(/usr/share/texlive/texmf-dist/tex/latex/base/t1enc.dfu)
(/usr/share/texlive/texmf-dist/tex/latex/base/ot1enc.dfu)
(/usr/share/texlive/texmf-dist/tex/latex/base/omsenc.dfu)
(/usr/share/texlive/texmf-dist/tex/latex/base/ts1enc.dfu))
(/usr/share/texlive/texmf-dist/tex/latex/base/latin1.def))
Writing index file Rd2.idx
(./Rd2.aux) (/usr/share/texlive/texmf-dist/tex/latex/base/ts1cmr.fd)
(/usr/share/texlive/texmf-dist/tex/latex/psnfss/t1ptm.fd)
(/usr/share/texlive/texmf-dist/tex/context/base/supp-pdf.mkii
[Loading MPS to PDF converter (version 2006.09.02).]
) (/usr/share/texlive/texmf-dist/tex/latex/hyperref/nameref.sty
(/usr/share/texlive/texmf-dist/tex/generic/oberdiek/gettitlestring.sty))
(./Rd2.out) (./Rd2.out)
(/usr/share/texlive/texmf-dist/tex/latex/inconsolata/t1fi4.fd)
(/usr/share/texlive/texmf-dist/tex/latex/psnfss/t1phv.fd) (./Rd2.toc [1{/usr/sh
are/texlive/texmf/fonts/map/pdftex/updmap/pdftex.map}])
(/usr/share/texlive/texmf-dist/tex/latex/base/utf8.def)
Overfull \hbox (49.78088pt too wide) in paragraph at lines 44--44
 []  \T1/fi4/m/n/10 track.table.GTF(file, name = NA, attr = "split", features =
 "exon", quiet = FALSE, ...)[] 

Overfull \hbox (37.23906pt too wide) in paragraph at lines 58--59
[]\T1/ptm/m/n/10 Single char-ac-ter value, the \T1/fi4/m/n/10 name \T1/ptm/m/n/
10 field for the [][]\T1/fi4/m/n/10 track.table[][][] \T1/ptm/m/n/10 ob-ject. F
or \T1/fi4/m/n/10 track.table.GTF\T1/ptm/m/n/10 ,
[2]
Overfull \hbox (1.15916pt too wide) in paragraph at lines 83--84
\T1/ptm/m/n/10 of Ge-nomic Vari-ants, down-load-able from [][]$\T1/fi4/m/n/10 h
ttp : / / dgv . tcag . ca / dgv / app / downloads$[][] \T1/ptm/m/n/10 us-ing "D
GV

Overfull \hbox (37.47925pt too wide) in paragraph at lines 91--92
[]\T1/ptm/m/n/10 Return a [][]\T1/fi4/m/n/10 track.table[][][]\T1/ptm/m/n/10 -i
nheriting ob-ject (of class [][]\T1/fi4/m/n/10 track.exons[][][]\T1/ptm/m/n/10 
, [][]\T1/fi4/m/n/10 track.CNV[][][]\T1/ptm/m/n/10 , [][]\T1/fi4/m/n/10 track.g
enes[][][] \T1/ptm/m/n/10 or [][]\T1/fi4/m/n/10 track.bands[][][]\T1/ptm/m/n/10
 ). 

Overfull \hbox (45.47095pt too wide) in paragraph at lines 111--112
[][][]\T1/fi4/m/n/10 track.table-class[][][]\T1/ptm/m/n/10 , [][]\T1/fi4/m/n/10
 track.exons-class[][][]\T1/ptm/m/n/10 , [][]\T1/fi4/m/n/10 track.CNV-class[][]
[]\T1/ptm/m/n/10 , [][]\T1/fi4/m/n/10 track.genes-class[][][] \T1/ptm/m/n/10 or
 [][]\T1/fi4/m/n/10 track.bands-class[][][] 
[3] (/usr/share/texlive/texmf-dist/tex/latex/base/utf8.def)
(/usr/share/texlive/texmf-dist/tex/latex/psnfss/ts1ptm.fd)
Overfull \hbox (138.11084pt too wide) in paragraph at lines 155--168
[]

Overfull \hbox (34.96727pt too wide) in paragraph at lines 155--168
\T1/ptm/m/n/10 - \T1/ptm/b/n/10 pre-ci-sion \T1/ptm/m/n/10 : sin-gle in-te-ger 
value from 1 to 4, amount of dig-its to con-sider in band-ing (type='cytoband')
. 
[4] (/usr/share/texlive/texmf-dist/tex/latex/base/utf8.def)
Overfull \hbox (14.78088pt too wide) in paragraph at lines 221--221
 []  \T1/fi4/m/n/10 draw.bg(start, end, ylab = "", ysub = as.character(NA), mar
 = c(0.2, 5, 0.2, 1),[] 
[5] [6] (/usr/share/texlive/texmf-dist/tex/latex/base/utf8.def)
Overfull \hbox (19.78088pt too wide) in paragraph at lines 300--300
 []    \T1/fi4/m/n/10 bty = "o", groupBy = NA, groupPosition = NA, groupSize = 
NA, groupLwd = 1, ...)[] 
[7] (/usr/share/texlive/texmf-dist/tex/latex/base/utf8.def) [8]
(/usr/share/texlive/texmf-dist/tex/latex/base/utf8.def)
Overfull \hbox (29.78088pt too wide) in paragraph at lines 456--456
 []  \T1/fi4/m/n/10 draw.pileup(slice, start, end, ylim = NA, bty = "o", label 
= TRUE, labelCex = 0.75,[] 
[9] (/usr/share/texlive/texmf-dist/tex/latex/base/utf8.def)
Overfull \hbox (14.78088pt too wide) in paragraph at lines 525--525
 []    \T1/fi4/m/n/10 colorFun = function() NULL, cex.lab = 1, cex = 0.6, pch =
 "+", bty = "o", ...)[] 
[10] (/usr/share/texlive/texmf-dist/tex/latex/base/utf8.def) [11]
(/usr/share/texlive/texmf-dist/tex/latex/base/utf8.def)
Overfull \hbox (59.78088pt too wide) in paragraph at lines 639--639
 []  \T1/fi4/m/n/10 draw.steps(slice, start, end, startColumns = "start", endCo
lumns = "end", maxDepth = 100,[] 

Overfull \hbox (39.78088pt too wide) in paragraph at lines 640--640
 []    \T1/fi4/m/n/10 label = TRUE, labelStrand = FALSE, labelCex = 1, labelSrt
 = 0, labelAdj = "center",[] 

Overfull \hbox (54.78088pt too wide) in paragraph at lines 642--642
 []    \T1/fi4/m/n/10 colorFun = function() NULL, border = "#666666", cex.lab =
 1, spacing = 0.1, bty = "o",[] 
[12] (/usr/share/texlive/texmf-dist/tex/latex/base/utf8.def) [13] [14]
(/usr/share/texlive/texmf-dist/tex/latex/base/utf8.def)
Overfull \hbox (14.78088pt too wide) in paragraph at lines 835--835
 []  \T1/fi4/m/n/10 drawable.list(files = character(0), objects = NULL, hidden 
= FALSE, warn = TRUE)[] 
[15] (/usr/share/texlive/texmf-dist/tex/latex/base/utf8.def) [16]
(/usr/share/texlive/texmf-dist/tex/latex/base/utf8.def) [17]
(/usr/share/texlive/texmf-dist/tex/latex/base/utf8.def) [18]
(/usr/share/texlive/texmf-dist/tex/latex/base/utf8.def) [19]
(/usr/share/texlive/texmf-dist/tex/latex/base/utf8.def)
Overfull \hbox (29.78088pt too wide) in paragraph at lines 1122--1122
 []  \T1/fi4/m/n/10 read.gtf(file, attr = c("split", "intact", "skip"), feature
s = NULL, quiet = FALSE)[] 
[20] (/usr/share/texlive/texmf-dist/tex/latex/base/utf8.def)
Overfull \hbox (13.05818pt too wide) in paragraph at lines 1184--1185
[]\T1/ptm/m/n/10 The [][]\T1/fi4/m/n/10 refTable[][][] \T1/ptm/m/n/10 con-struc
-tor, sim-i-lar to the \T1/fi4/m/n/10 data.frame \T1/ptm/m/n/10 con-struc-tor. 
It im-ports a sin-gle \T1/fi4/m/n/10 data.frame
[21] [22]
Overfull \hbox (238.11084pt too wide) in paragraph at lines 1330--1330
[]

Underfull \hbox (badness 10000) in paragraph at lines 1330--1330

[23] [24] (/usr/share/texlive/texmf-dist/tex/latex/base/utf8.def) [25]
(/usr/share/texlive/texmf-dist/tex/latex/base/utf8.def)
Overfull \hbox (14.78088pt too wide) in paragraph at lines 1496--1496
 []  \T1/fi4/m/n/10 segMerge(segTable, on = names(segTable), fun = list(unique,
 start=min, end=max))[] 
[26] (/usr/share/texlive/texmf-dist/tex/latex/base/utf8.def)
Overfull \hbox (84.78088pt too wide) in paragraph at lines 1534--1534
 []  \T1/fi4/m/n/10 segOverlap(segTable, fun = list(unique.default, start=min, 
end=max), factorsAsIntegers = TRUE)[] 
(/usr/share/texlive/texmf-dist/tex/latex/base/utf8.def) [27]
Overfull \hbox (49.78088pt too wide) in paragraph at lines 1574--1574
 []    \T1/fi4/m/n/10 cap.border = "black", cap.font.col = "black", cap.bg.col 
= NA, cap.adj = c(0.5, 0.5),[] 

Overfull \hbox (20.53839pt too wide) in paragraph at lines 1582--1583
[]\T1/ptm/m/n/10 A [][]\T1/fi4/m/n/10 drawable.list[][][] \T1/ptm/m/n/10 ob-jec
t con-tain-ing the tracks to plot, as re-turned by [][]\T1/fi4/m/n/10 drawable.
list[][][]
[28] (/usr/share/texlive/texmf-dist/tex/latex/base/utf8.def) [29]
(/usr/share/texlive/texmf-dist/tex/latex/base/utf8.def) [30] [31]
Overfull \hbox (18.92885pt too wide) in paragraph at lines 1800--1801
[]\T1/ptm/m/n/10 These three func-tions are pro-posed for generic us-age on \T1
/fi4/m/n/10 data.frame\T1/ptm/m/n/10 , \T1/fi4/m/n/10 list \T1/ptm/m/n/10 or ve
c-tors. The [][]\T1/fi4/m/n/10 track.table[][][]
(/usr/share/texlive/texmf-dist/tex/latex/inconsolata/ts1fi4.fd) [32]
(/usr/share/texlive/texmf-dist/tex/latex/base/utf8.def)
Overfull \hbox (20.53839pt too wide) in paragraph at lines 1884--1885
[]\T1/ptm/m/n/10 A [][]\T1/fi4/m/n/10 drawable.list[][][] \T1/ptm/m/n/10 ob-jec
t con-tain-ing the tracks to plot, as re-turned by [][]\T1/fi4/m/n/10 drawable.
list[][][]
[33]
Overfull \hbox (7.89789pt too wide) in paragraph at lines 1928--1929
[]\T1/fi4/m/n/10 browsePlot \T1/ptm/m/n/10 in-vis-i-bly re-turns the \T1/fi4/m/
n/10 par \T1/ptm/m/n/10 func-tion out-put for the last track plot, as it is use
d by \T1/fi4/m/n/10 tk.browse\T1/ptm/m/n/10 . 
[34] (/usr/share/texlive/texmf-dist/tex/latex/base/utf8.def)
(/usr/share/texlive/texmf-dist/tex/latex/base/utf8.def) [35]
(/usr/share/texlive/texmf-dist/tex/latex/base/utf8.def)
Overfull \hbox (64.78088pt too wide) in paragraph at lines 2059--2059
 []  \T1/fi4/m/n/10 tk.file(title = "Choose a file", typeNames = "All files", t
ypeExt = "*", multiple = FALSE,[] 

Overfull \hbox (9.78088pt too wide) in paragraph at lines 2060--2060
 []    \T1/fi4/m/n/10 mandatory = TRUE, type = c("open", "save"), initialdir = 
NULL, parent = NULL)[] 
[36pdfTeX warning (ext4): destination with the same identifier (name{Rfn.tk.fil
e}) has been already used, duplicate ignored

\AtBegShi@Output ...ipout \box \AtBeginShipoutBox 
                                                  \fi \fi 
l.2102 \item[\code{expr}]
                         ]
(/usr/share/texlive/texmf-dist/tex/latex/base/utf8.def)
Overfull \hbox (2.21881pt too wide) in paragraph at lines 2159--2160
[]\T1/ptm/m/n/10 Arguments to be passed to the in-her-ited con-struc-tor ([][]\
T1/fi4/m/n/10 refTable[][][] \T1/ptm/m/n/10 for [][]\T1/fi4/m/n/10 track.table[
][][]\T1/ptm/m/n/10 ,

Overfull \hbox (59.64888pt too wide) in paragraph at lines 2159--2160
[][]\T1/fi4/m/n/10 track.table[][][] \T1/ptm/m/n/10 for the oth-ers). \T1/fi4/m
/n/10 track.table \T1/ptm/m/n/10 has few more re-stric-tions, see [][]\T1/fi4/m
/n/10 track.table-class[][][]
[37]
Overfull \hbox (63.78088pt too wide) in paragraph at lines 2215--2215
 []  \T1/fi4/m/n/9 df <- data.frame(chrom=1, strand="+", start=1:5, end=2:6, na
me=letters[1:5], stringsAsFactors=FALSE)[] 
(/usr/share/texlive/texmf-dist/tex/latex/base/utf8.def) [38]
Overfull \hbox (3.1107pt too wide) in paragraph at lines 2271--2281
[]\T1/ptm/m/n/10 Apply
[39]
Overfull \hbox (0.8985pt too wide) in paragraph at lines 2293--2297
[]\T1/ptm/m/n/10 Counts each nu-cleotide type for each ge-nomic po-si-tion, sim
-
[40] (/usr/share/texlive/texmf-dist/tex/latex/base/utf8.def) [41] [42]
(/usr/share/texlive/texmf-dist/tex/latex/base/utf8.def) [43] [44]
(/usr/share/texlive/texmf-dist/tex/latex/base/utf8.def) [45] [46] [47]
(/usr/share/texlive/texmf-dist/tex/latex/base/utf8.def) [48] [49]
(/usr/share/texlive/texmf-dist/tex/latex/base/utf8.def) [50]
(/usr/share/texlive/texmf-dist/tex/latex/base/utf8.def) [51] [52]
(/usr/share/texlive/texmf-dist/tex/latex/base/utf8.def) [53]
Overfull \hbox (0.42697pt too wide) in paragraph at lines 3053--3054
[]\T1/ptm/m/n/10 A \T1/fi4/m/n/10 call \T1/ptm/m/n/10 to the C ex-ter-nal "chec
k-track", for faster ob-ject check (see the \T1/fi4/m/n/10 check \T1/ptm/m/n/10
 method). 
[54]
Overfull \hbox (10.82991pt too wide) in paragraph at lines 3090--3094
[]\T1/ptm/m/n/10 Adds a col-umn to be used as 'group-

Overfull \hbox (13.37958pt too wide) in paragraph at lines 3096--3099
[]\T1/ptm/m/n/10 Adds a col-umn to be used as 'group-Size' by draw.boxes() 
[55] [56] (/usr/share/texlive/texmf-dist/tex/latex/base/utf8.def)
Overfull \hbox (59.78088pt too wide) in paragraph at lines 3210--3210
 []  \T1/fi4/m/n/10 yline(boxes, start, end, label, labelStrand, labelCex, labe
lSrt, labelAdj, labelOverflow,[] 
[57] (./Rd2.ind [58]

LaTeX Font Warning: Font shape `T1/fi4/m/it' undefined
(Font)              using `T1/fi4/m/n' instead on input line 33.

[59] [60]) (./Rd2.aux)

LaTeX Font Warning: Some font shapes were not available, defaults substituted.

 )
(see the transcript file for additional information)pdfTeX warning (dest): name
{Rfn.stop} has been referenced but does not exist, replaced by a fixed one

pdfTeX warning (dest): name{Rfn.warning} has been referenced but does not exist
, replaced by a fixed one

pdfTeX warning (dest): name{Rfn.message} has been referenced but does not exist
, replaced by a fixed one

pdfTeX warning (dest): name{Rfn.conditions} has been referenced but does not ex
ist, replaced by a fixed one

pdfTeX warning (dest): name{Rfn.tktoplevel} has been referenced but does not ex
ist, replaced by a fixed one

pdfTeX warning (dest): name{Rfn.setRefClass} has been referenced but does not e
xist, replaced by a fixed one

pdfTeX warning (dest): name{Rfn.layout} has been referenced but does not exist,
 replaced by a fixed one

pdfTeX warning (dest): name{Rfn.save} has been referenced but does not exist, r
eplaced by a fixed one

pdfTeX warning (dest): name{Rfn.saveRDS} has been referenced but does not exist
, replaced by a fixed one

pdfTeX warning (dest): name{Rfn.envRefClass.Rdash.class} has been referenced bu
t does not exist, replaced by a fixed one

{/usr/share/texlive/texmf-dist/fonts/enc/dvips/base/8r.enc}{/usr/share/texlive/
texmf-dist/fonts/enc/dvips/inconsolata/fi4-ec.enc}</usr/share/texlive/texmf-dis
t/fonts/type1/public/inconsolata/Inconsolata.pfb></usr/share/texlive/texmf-dist
/fonts/type1/public/amsfonts/cm/cmsy10.pfb></usr/share/texlive/texmf-dist/fonts
/type1/urw/helvetic/uhvr8a.pfb></usr/share/texlive/texmf-dist/fonts/type1/urw/t
imes/utmb8a.pfb></usr/share/texlive/texmf-dist/fonts/type1/urw/times/utmr8a.pfb
></usr/share/texlive/texmf-dist/fonts/type1/urw/times/utmr8a.pfb></usr/share/te
xlive/texmf-dist/fonts/type1/urw/times/utmri8a.pfb>
Output written on Rd2.pdf (60 pages, 236627 bytes).
Transcript written on Rd2.log.
This is makeindex, version 2.15 [TeX Live 2013/dev] (kpathsea + Thai support).
Scanning input file Rd2.idx....done (829 entries accepted, 33 rejected).
Sorting entries..........done (10369 comparisons).
Generating output file Rd2.ind....done (259 lines written, 8 warnings).
Output written in Rd2.ind.
Transcript written in Rd2.ilg.
This is pdfTeX, Version 3.1415926-2.5-1.40.13 (TeX Live 2013/dev)
 restricted \write18 enabled.
entering extended mode
(./Rd2.tex
LaTeX2e <2011/06/27>
Babel <v3.8m> and hyphenation patterns for english, dumylang, nohyphenation, lo
aded.

(/usr/share/texlive/texmf-dist/tex/latex/base/book.cls
Document Class: book 2007/10/19 v1.4h Standard LaTeX document class
(/usr/share/texlive/texmf-dist/tex/latex/base/bk10.clo))
(/usr/share/R/texmf/tex/latex/Rd.sty
(/usr/share/texlive/texmf-dist/tex/latex/base/ifthen.sty)
(/usr/share/texlive/texmf-dist/tex/latex/tools/longtable.sty)
(/usr/share/texlive/texmf-dist/tex/latex/tools/bm.sty)
(/usr/share/texlive/texmf-dist/tex/latex/base/alltt.sty)
(/usr/share/texlive/texmf-dist/tex/latex/tools/verbatim.sty)
(/usr/share/texlive/texmf-dist/tex/latex/url/url.sty)
(/usr/share/texlive/texmf-dist/tex/latex/base/textcomp.sty
(/usr/share/texlive/texmf-dist/tex/latex/base/ts1enc.def))
(/usr/share/texlive/texmf-dist/tex/latex/base/fontenc.sty
(/usr/share/texlive/texmf-dist/tex/latex/base/t1enc.def))
(/usr/share/texlive/texmf-dist/tex/latex/psnfss/times.sty)
(/usr/share/texlive/texmf-dist/tex/latex/inconsolata/inconsolata.sty
(/usr/share/texlive/texmf-dist/tex/latex/graphics/keyval.sty))
(/usr/share/texlive/texmf-dist/tex/latex/graphics/color.sty
(/usr/share/texlive/texmf-dist/tex/latex/latexconfig/color.cfg)
(/usr/share/texlive/texmf-dist/tex/latex/pdftex-def/pdftex.def
(/usr/share/texlive/texmf-dist/tex/generic/oberdiek/infwarerr.sty)
(/usr/share/texlive/texmf-dist/tex/generic/oberdiek/ltxcmds.sty)))
(/usr/share/texlive/texmf-dist/tex/latex/hyperref/hyperref.sty
(/usr/share/texlive/texmf-dist/tex/generic/oberdiek/hobsub-hyperref.sty
(/usr/share/texlive/texmf-dist/tex/generic/oberdiek/hobsub-generic.sty))
(/usr/share/texlive/texmf-dist/tex/generic/ifxetex/ifxetex.sty)
(/usr/share/texlive/texmf-dist/tex/latex/oberdiek/auxhook.sty)
(/usr/share/texlive/texmf-dist/tex/latex/oberdiek/kvoptions.sty)
(/usr/share/texlive/texmf-dist/tex/latex/hyperref/pd1enc.def)
(/usr/share/texlive/texmf-dist/tex/latex/latexconfig/hyperref.cfg))

Package hyperref Message: Driver (autodetected): hpdftex.

(/usr/share/texlive/texmf-dist/tex/latex/hyperref/hpdftex.def
(/usr/share/texlive/texmf-dist/tex/latex/oberdiek/rerunfilecheck.sty))

Package hyperref Warning: Option `hyperindex' has already been used,
(hyperref)                setting the option has no effect on input line 361.


Package hyperref Warning: Option `pagebackref' has already been used,
(hyperref)                setting the option has no effect on input line 361.

) (/usr/share/texlive/texmf-dist/tex/latex/base/makeidx.sty)
(/usr/share/texlive/texmf-dist/tex/latex/base/inputenc.sty
(/usr/share/texlive/texmf-dist/tex/latex/base/utf8.def
(/usr/share/texlive/texmf-dist/tex/latex/base/t1enc.dfu)
(/usr/share/texlive/texmf-dist/tex/latex/base/ot1enc.dfu)
(/usr/share/texlive/texmf-dist/tex/latex/base/omsenc.dfu)
(/usr/share/texlive/texmf-dist/tex/latex/base/ts1enc.dfu))
(/usr/share/texlive/texmf-dist/tex/latex/base/latin1.def))
Writing index file Rd2.idx
(./Rd2.aux) (/usr/share/texlive/texmf-dist/tex/latex/base/ts1cmr.fd)
(/usr/share/texlive/texmf-dist/tex/latex/psnfss/t1ptm.fd)
(/usr/share/texlive/texmf-dist/tex/context/base/supp-pdf.mkii
[Loading MPS to PDF converter (version 2006.09.02).]
) (/usr/share/texlive/texmf-dist/tex/latex/hyperref/nameref.sty
(/usr/share/texlive/texmf-dist/tex/generic/oberdiek/gettitlestring.sty))
(./Rd2.out) (./Rd2.out)
(/usr/share/texlive/texmf-dist/tex/latex/inconsolata/t1fi4.fd)
(/usr/share/texlive/texmf-dist/tex/latex/psnfss/t1phv.fd) (./Rd2.toc [1{/usr/sh
are/texlive/texmf/fonts/map/pdftex/updmap/pdftex.map}])
(/usr/share/texlive/texmf-dist/tex/latex/base/utf8.def)
Overfull \hbox (49.78088pt too wide) in paragraph at lines 44--44
 []  \T1/fi4/m/n/10 track.table.GTF(file, name = NA, attr = "split", features =
 "exon", quiet = FALSE, ...)[] 

Overfull \hbox (37.23906pt too wide) in paragraph at lines 58--59
[]\T1/ptm/m/n/10 Single char-ac-ter value, the \T1/fi4/m/n/10 name \T1/ptm/m/n/
10 field for the [][]\T1/fi4/m/n/10 track.table[][][] \T1/ptm/m/n/10 ob-ject. F
or \T1/fi4/m/n/10 track.table.GTF\T1/ptm/m/n/10 ,
[2]
Overfull \hbox (1.15916pt too wide) in paragraph at lines 83--84
\T1/ptm/m/n/10 of Ge-nomic Vari-ants, down-load-able from [][]$\T1/fi4/m/n/10 h
ttp : / / dgv . tcag . ca / dgv / app / downloads$[][] \T1/ptm/m/n/10 us-ing "D
GV

Overfull \hbox (37.47925pt too wide) in paragraph at lines 91--92
[]\T1/ptm/m/n/10 Return a [][]\T1/fi4/m/n/10 track.table[][][]\T1/ptm/m/n/10 -i
nheriting ob-ject (of class [][]\T1/fi4/m/n/10 track.exons[][][]\T1/ptm/m/n/10 
, [][]\T1/fi4/m/n/10 track.CNV[][][]\T1/ptm/m/n/10 , [][]\T1/fi4/m/n/10 track.g
enes[][][] \T1/ptm/m/n/10 or [][]\T1/fi4/m/n/10 track.bands[][][]\T1/ptm/m/n/10
 ). 

Overfull \hbox (45.47095pt too wide) in paragraph at lines 111--112
[][][]\T1/fi4/m/n/10 track.table-class[][][]\T1/ptm/m/n/10 , [][]\T1/fi4/m/n/10
 track.exons-class[][][]\T1/ptm/m/n/10 , [][]\T1/fi4/m/n/10 track.CNV-class[][]
[]\T1/ptm/m/n/10 , [][]\T1/fi4/m/n/10 track.genes-class[][][] \T1/ptm/m/n/10 or
 [][]\T1/fi4/m/n/10 track.bands-class[][][] 
[3] (/usr/share/texlive/texmf-dist/tex/latex/base/utf8.def)
(/usr/share/texlive/texmf-dist/tex/latex/psnfss/ts1ptm.fd)
Overfull \hbox (138.11084pt too wide) in paragraph at lines 155--168
[]

Overfull \hbox (34.96727pt too wide) in paragraph at lines 155--168
\T1/ptm/m/n/10 - \T1/ptm/b/n/10 pre-ci-sion \T1/ptm/m/n/10 : sin-gle in-te-ger 
value from 1 to 4, amount of dig-its to con-sider in band-ing (type='cytoband')
. 
[4] (/usr/share/texlive/texmf-dist/tex/latex/base/utf8.def)
Overfull \hbox (14.78088pt too wide) in paragraph at lines 221--221
 []  \T1/fi4/m/n/10 draw.bg(start, end, ylab = "", ysub = as.character(NA), mar
 = c(0.2, 5, 0.2, 1),[] 
[5] [6] (/usr/share/texlive/texmf-dist/tex/latex/base/utf8.def)
Overfull \hbox (19.78088pt too wide) in paragraph at lines 300--300
 []    \T1/fi4/m/n/10 bty = "o", groupBy = NA, groupPosition = NA, groupSize = 
NA, groupLwd = 1, ...)[] 
[7] (/usr/share/texlive/texmf-dist/tex/latex/base/utf8.def) [8]
(/usr/share/texlive/texmf-dist/tex/latex/base/utf8.def)
Overfull \hbox (29.78088pt too wide) in paragraph at lines 456--456
 []  \T1/fi4/m/n/10 draw.pileup(slice, start, end, ylim = NA, bty = "o", label 
= TRUE, labelCex = 0.75,[] 
[9] (/usr/share/texlive/texmf-dist/tex/latex/base/utf8.def)
Overfull \hbox (14.78088pt too wide) in paragraph at lines 525--525
 []    \T1/fi4/m/n/10 colorFun = function() NULL, cex.lab = 1, cex = 0.6, pch =
 "+", bty = "o", ...)[] 
[10] (/usr/share/texlive/texmf-dist/tex/latex/base/utf8.def) [11]
(/usr/share/texlive/texmf-dist/tex/latex/base/utf8.def)
Overfull \hbox (59.78088pt too wide) in paragraph at lines 639--639
 []  \T1/fi4/m/n/10 draw.steps(slice, start, end, startColumns = "start", endCo
lumns = "end", maxDepth = 100,[] 

Overfull \hbox (39.78088pt too wide) in paragraph at lines 640--640
 []    \T1/fi4/m/n/10 label = TRUE, labelStrand = FALSE, labelCex = 1, labelSrt
 = 0, labelAdj = "center",[] 

Overfull \hbox (54.78088pt too wide) in paragraph at lines 642--642
 []    \T1/fi4/m/n/10 colorFun = function() NULL, border = "#666666", cex.lab =
 1, spacing = 0.1, bty = "o",[] 
[12] (/usr/share/texlive/texmf-dist/tex/latex/base/utf8.def) [13] [14]
(/usr/share/texlive/texmf-dist/tex/latex/base/utf8.def)
Overfull \hbox (14.78088pt too wide) in paragraph at lines 835--835
 []  \T1/fi4/m/n/10 drawable.list(files = character(0), objects = NULL, hidden 
= FALSE, warn = TRUE)[] 
[15] (/usr/share/texlive/texmf-dist/tex/latex/base/utf8.def) [16]
(/usr/share/texlive/texmf-dist/tex/latex/base/utf8.def) [17]
(/usr/share/texlive/texmf-dist/tex/latex/base/utf8.def) [18]
(/usr/share/texlive/texmf-dist/tex/latex/base/utf8.def) [19]
(/usr/share/texlive/texmf-dist/tex/latex/base/utf8.def)
Overfull \hbox (29.78088pt too wide) in paragraph at lines 1122--1122
 []  \T1/fi4/m/n/10 read.gtf(file, attr = c("split", "intact", "skip"), feature
s = NULL, quiet = FALSE)[] 
[20] (/usr/share/texlive/texmf-dist/tex/latex/base/utf8.def)
Overfull \hbox (13.05818pt too wide) in paragraph at lines 1184--1185
[]\T1/ptm/m/n/10 The [][]\T1/fi4/m/n/10 refTable[][][] \T1/ptm/m/n/10 con-struc
-tor, sim-i-lar to the \T1/fi4/m/n/10 data.frame \T1/ptm/m/n/10 con-struc-tor. 
It im-ports a sin-gle \T1/fi4/m/n/10 data.frame
[21] [22]
Overfull \hbox (238.11084pt too wide) in paragraph at lines 1330--1330
[]

Underfull \hbox (badness 10000) in paragraph at lines 1330--1330

[23] [24] (/usr/share/texlive/texmf-dist/tex/latex/base/utf8.def) [25]
(/usr/share/texlive/texmf-dist/tex/latex/base/utf8.def)
Overfull \hbox (14.78088pt too wide) in paragraph at lines 1496--1496
 []  \T1/fi4/m/n/10 segMerge(segTable, on = names(segTable), fun = list(unique,
 start=min, end=max))[] 
[26] (/usr/share/texlive/texmf-dist/tex/latex/base/utf8.def)
Overfull \hbox (84.78088pt too wide) in paragraph at lines 1534--1534
 []  \T1/fi4/m/n/10 segOverlap(segTable, fun = list(unique.default, start=min, 
end=max), factorsAsIntegers = TRUE)[] 
(/usr/share/texlive/texmf-dist/tex/latex/base/utf8.def) [27]
Overfull \hbox (49.78088pt too wide) in paragraph at lines 1574--1574
 []    \T1/fi4/m/n/10 cap.border = "black", cap.font.col = "black", cap.bg.col 
= NA, cap.adj = c(0.5, 0.5),[] 

Overfull \hbox (20.53839pt too wide) in paragraph at lines 1582--1583
[]\T1/ptm/m/n/10 A [][]\T1/fi4/m/n/10 drawable.list[][][] \T1/ptm/m/n/10 ob-jec
t con-tain-ing the tracks to plot, as re-turned by [][]\T1/fi4/m/n/10 drawable.
list[][][]
[28] (/usr/share/texlive/texmf-dist/tex/latex/base/utf8.def) [29]
(/usr/share/texlive/texmf-dist/tex/latex/base/utf8.def) [30] [31]
Overfull \hbox (18.92885pt too wide) in paragraph at lines 1800--1801
[]\T1/ptm/m/n/10 These three func-tions are pro-posed for generic us-age on \T1
/fi4/m/n/10 data.frame\T1/ptm/m/n/10 , \T1/fi4/m/n/10 list \T1/ptm/m/n/10 or ve
c-tors. The [][]\T1/fi4/m/n/10 track.table[][][]
(/usr/share/texlive/texmf-dist/tex/latex/inconsolata/ts1fi4.fd) [32]
(/usr/share/texlive/texmf-dist/tex/latex/base/utf8.def)
Overfull \hbox (20.53839pt too wide) in paragraph at lines 1884--1885
[]\T1/ptm/m/n/10 A [][]\T1/fi4/m/n/10 drawable.list[][][] \T1/ptm/m/n/10 ob-jec
t con-tain-ing the tracks to plot, as re-turned by [][]\T1/fi4/m/n/10 drawable.
list[][][]
[33]
Overfull \hbox (7.89789pt too wide) in paragraph at lines 1928--1929
[]\T1/fi4/m/n/10 browsePlot \T1/ptm/m/n/10 in-vis-i-bly re-turns the \T1/fi4/m/
n/10 par \T1/ptm/m/n/10 func-tion out-put for the last track plot, as it is use
d by \T1/fi4/m/n/10 tk.browse\T1/ptm/m/n/10 . 
[34] (/usr/share/texlive/texmf-dist/tex/latex/base/utf8.def)
(/usr/share/texlive/texmf-dist/tex/latex/base/utf8.def) [35]
(/usr/share/texlive/texmf-dist/tex/latex/base/utf8.def)
Overfull \hbox (64.78088pt too wide) in paragraph at lines 2059--2059
 []  \T1/fi4/m/n/10 tk.file(title = "Choose a file", typeNames = "All files", t
ypeExt = "*", multiple = FALSE,[] 

Overfull \hbox (9.78088pt too wide) in paragraph at lines 2060--2060
 []    \T1/fi4/m/n/10 mandatory = TRUE, type = c("open", "save"), initialdir = 
NULL, parent = NULL)[] 
[36pdfTeX warning (ext4): destination with the same identifier (name{Rfn.tk.fil
e}) has been already used, duplicate ignored

\AtBegShi@Output ...ipout \box \AtBeginShipoutBox 
                                                  \fi \fi 
l.2102 \item[\code{expr}]
                         ]
(/usr/share/texlive/texmf-dist/tex/latex/base/utf8.def)
Overfull \hbox (2.21881pt too wide) in paragraph at lines 2159--2160
[]\T1/ptm/m/n/10 Arguments to be passed to the in-her-ited con-struc-tor ([][]\
T1/fi4/m/n/10 refTable[][][] \T1/ptm/m/n/10 for [][]\T1/fi4/m/n/10 track.table[
][][]\T1/ptm/m/n/10 ,

Overfull \hbox (59.64888pt too wide) in paragraph at lines 2159--2160
[][]\T1/fi4/m/n/10 track.table[][][] \T1/ptm/m/n/10 for the oth-ers). \T1/fi4/m
/n/10 track.table \T1/ptm/m/n/10 has few more re-stric-tions, see [][]\T1/fi4/m
/n/10 track.table-class[][][]
[37]
Overfull \hbox (63.78088pt too wide) in paragraph at lines 2215--2215
 []  \T1/fi4/m/n/9 df <- data.frame(chrom=1, strand="+", start=1:5, end=2:6, na
me=letters[1:5], stringsAsFactors=FALSE)[] 
(/usr/share/texlive/texmf-dist/tex/latex/base/utf8.def) [38]
Overfull \hbox (3.1107pt too wide) in paragraph at lines 2271--2281
[]\T1/ptm/m/n/10 Apply
[39]
Overfull \hbox (0.8985pt too wide) in paragraph at lines 2293--2297
[]\T1/ptm/m/n/10 Counts each nu-cleotide type for each ge-nomic po-si-tion, sim
-
[40] (/usr/share/texlive/texmf-dist/tex/latex/base/utf8.def) [41] [42]
(/usr/share/texlive/texmf-dist/tex/latex/base/utf8.def) [43] [44]
(/usr/share/texlive/texmf-dist/tex/latex/base/utf8.def) [45] [46] [47]
(/usr/share/texlive/texmf-dist/tex/latex/base/utf8.def) [48] [49]
(/usr/share/texlive/texmf-dist/tex/latex/base/utf8.def) [50]
(/usr/share/texlive/texmf-dist/tex/latex/base/utf8.def) [51] [52]
(/usr/share/texlive/texmf-dist/tex/latex/base/utf8.def) [53]
Overfull \hbox (0.42697pt too wide) in paragraph at lines 3053--3054
[]\T1/ptm/m/n/10 A \T1/fi4/m/n/10 call \T1/ptm/m/n/10 to the C ex-ter-nal "chec
k-track", for faster ob-ject check (see the \T1/fi4/m/n/10 check \T1/ptm/m/n/10
 method). 
[54]
Overfull \hbox (10.82991pt too wide) in paragraph at lines 3090--3094
[]\T1/ptm/m/n/10 Adds a col-umn to be used as 'group-

Overfull \hbox (13.37958pt too wide) in paragraph at lines 3096--3099
[]\T1/ptm/m/n/10 Adds a col-umn to be used as 'group-Size' by draw.boxes() 
[55] [56] (/usr/share/texlive/texmf-dist/tex/latex/base/utf8.def)
Overfull \hbox (59.78088pt too wide) in paragraph at lines 3210--3210
 []  \T1/fi4/m/n/10 yline(boxes, start, end, label, labelStrand, labelCex, labe
lSrt, labelAdj, labelOverflow,[] 
[57] (./Rd2.ind [58]

LaTeX Font Warning: Font shape `T1/fi4/m/it' undefined
(Font)              using `T1/fi4/m/n' instead on input line 33.

[59] [60]) (./Rd2.aux)

LaTeX Font Warning: Some font shapes were not available, defaults substituted.

 )
(see the transcript file for additional information)pdfTeX warning (dest): name
{Rfn.stop} has been referenced but does not exist, replaced by a fixed one

pdfTeX warning (dest): name{Rfn.warning} has been referenced but does not exist
, replaced by a fixed one

pdfTeX warning (dest): name{Rfn.message} has been referenced but does not exist
, replaced by a fixed one

pdfTeX warning (dest): name{Rfn.conditions} has been referenced but does not ex
ist, replaced by a fixed one

pdfTeX warning (dest): name{Rfn.tktoplevel} has been referenced but does not ex
ist, replaced by a fixed one

pdfTeX warning (dest): name{Rfn.setRefClass} has been referenced but does not e
xist, replaced by a fixed one

pdfTeX warning (dest): name{Rfn.layout} has been referenced but does not exist,
 replaced by a fixed one

pdfTeX warning (dest): name{Rfn.save} has been referenced but does not exist, r
eplaced by a fixed one

pdfTeX warning (dest): name{Rfn.saveRDS} has been referenced but does not exist
, replaced by a fixed one

pdfTeX warning (dest): name{Rfn.envRefClass.Rdash.class} has been referenced bu
t does not exist, replaced by a fixed one

{/usr/share/texlive/texmf-dist/fonts/enc/dvips/base/8r.enc}{/usr/share/texlive/
texmf-dist/fonts/enc/dvips/inconsolata/fi4-ec.enc}</usr/share/texlive/texmf-dis
t/fonts/type1/public/inconsolata/Inconsolata.pfb></usr/share/texlive/texmf-dist
/fonts/type1/public/amsfonts/cm/cmsy10.pfb></usr/share/texlive/texmf-dist/fonts
/type1/urw/helvetic/uhvr8a.pfb></usr/share/texlive/texmf-dist/fonts/type1/urw/t
imes/utmb8a.pfb></usr/share/texlive/texmf-dist/fonts/type1/urw/times/utmr8a.pfb
></usr/share/texlive/texmf-dist/fonts/type1/urw/times/utmr8a.pfb></usr/share/te
xlive/texmf-dist/fonts/type1/urw/times/utmri8a.pfb>
Output written on Rd2.pdf (60 pages, 236468 bytes).
Transcript written on Rd2.log.
Saving output to 'Rgb-manual.pdf' ...
Done
You may want to clean up by 'rm -rf /tmp/Rtmpg0GjTl/Rd2pdf34344f65f6ee'
